Flutter crash report.
Please report a bug at https://github.com/flutter/flutter/issues.

## command

flutter --quiet assemble --no-version-check --depfile C:\Users\medaz\Desktop\aagarwal1012-IntroViews-Flutter-d257e0a\example\build\app\intermediates\flutter\debug/flutter_build.d --output C:\Users\medaz\Desktop\aagarwal1012-IntroViews-Flutter-d257e0a\example\build\app\intermediates\flutter\debug -dTargetFile=C:\Users\medaz\Desktop\aagarwal1012-IntroViews-Flutter-d257e0a\example\lib\main.dart -dTargetPlatform=android -dBuildMode=debug -dTrackWidgetCreation=true --DartDefines=RkxVVFRFUl9XRUJfQVVUT19ERVRFQ1Q9dHJ1ZQ== --ExtraFrontEndOptions=--no-sound-null-safety debug_android_application

## exception

FileSystemException: FileSystemException: Cannot delete file, path = 'C:\Users\medaz\Desktop\aagarwal1012-IntroViews-Flutter-d257e0a\example\build\app\intermediates\flutter\debug\flutter_assets\assets/images/travel.jpg' (OS Error: Accès refusé.
, errno = 5)

```
#0      _File.throwIfError (dart:io/file_impl.dart:635:7)
#1      _File._deleteSync (dart:io/file_impl.dart:298:5)
#2      FileSystemEntity.deleteSync (dart:io/file_system_entity.dart:412:7)
#3      ForwardingFileSystemEntity.deleteSync (package:file/src/forwarding/forwarding_file_system_entity.dart:70:16)
#4      ForwardingFileSystemEntity.deleteSync (package:file/src/forwarding/forwarding_file_system_entity.dart:70:16)
#5      ErrorHandlingFileSystem.deleteIfExists (package:flutter_tools/src/base/error_handling_io.dart:82:12)
#6      FlutterBuildSystem.trackSharedBuildDirectory (package:flutter_tools/src/build_system/build_system.dart:742:33)
#7      FlutterBuildSystem.build (package:flutter_tools/src/build_system/build_system.dart:630:5)
<asynchronous suspension>
#8      AssembleCommand.runCommand (package:flutter_tools/src/commands/assemble.dart:320:32)
<asynchronous suspension>
#9      FlutterCommand.run.<anonymous closure> (package:flutter_tools/src/runner/flutter_command.dart:1183:27)
<asynchronous suspension>
#10     AppContext.run.<anonymous closure> (package:flutter_tools/src/base/context.dart:150:19)
<asynchronous suspension>
#11     CommandRunner.runCommand (package:args/command_runner.dart:209:13)
<asynchronous suspension>
#12     FlutterCommandRunner.runCommand.<anonymous closure> (package:flutter_tools/src/runner/flutter_command_runner.dart:281:9)
<asynchronous suspension>
#13     AppContext.run.<anonymous closure> (package:flutter_tools/src/base/context.dart:150:19)
<asynchronous suspension>
#14     FlutterCommandRunner.runCommand (package:flutter_tools/src/runner/flutter_command_runner.dart:229:5)
<asynchronous suspension>
#15     run.<anonymous closure>.<anonymous closure> (package:flutter_tools/runner.dart:62:9)
<asynchronous suspension>
#16     AppContext.run.<anonymous closure> (package:flutter_tools/src/base/context.dart:150:19)
<asynchronous suspension>
#17     main (package:flutter_tools/executable.dart:94:3)
<asynchronous suspension>
```

## flutter doctor

```
[✓] Flutter (Channel stable, 3.0.5, on Microsoft Windows [version 10.0.22621.819], locale fr-FR)
    • Flutter version 3.0.5 at C:\Users\medaz\Documents\flutter
    • Upstream repository https://github.com/flutter/flutter.git
    • Framework revision f1875d570e (4 months ago), 2022-07-13 11:24:16 -0700
    • Engine revision e85ea0e79c
    • Dart version 2.17.6
    • DevTools version 2.12.2

[✓] Android toolchain - develop for Android devices (Android SDK version 32.1.0-rc1)
    • Android SDK at C:\Users\medaz\AppData\Local\Android\sdk
    • Platform android-32, build-tools 32.1.0-rc1
    • Java binary at: C:\Program Files\Android\Android Studio\jre\bin\java
    • Java version OpenJDK Runtime Environment (build 11.0.12+7-b1504.28-7817840)
    • All Android licenses accepted.

[✓] Chrome - develop for the web
    • Chrome at C:\Program Files\Google\Chrome\Application\chrome.exe

[✓] Visual Studio - develop for Windows (Visual Studio Professional 2019 16.11.9)
    • Visual Studio at C:\Program Files (x86)\Microsoft Visual Studio\2019\Professional
    • Visual Studio Professional 2019 version 16.11.32106.194
    • Windows 10 SDK version 10.0.19041.0

[✓] Android Studio (version 2021.2)
    • Android Studio at C:\Program Files\Android\Android Studio
    • Flutter plugin can be installed from:
      🔨 https://plugins.jetbrains.com/plugin/9212-flutter
    • Dart plugin can be installed from:
      🔨 https://plugins.jetbrains.com/plugin/6351-dart
    • Java version OpenJDK Runtime Environment (build 11.0.12+7-b1504.28-7817840)

[✓] VS Code (version 1.73.1)
    • VS Code at C:\Users\medaz\AppData\Local\Programs\Microsoft VS Code
    • Flutter extension version 3.36.0

[✓] Connected device (3 available)
    • Windows (desktop) • windows • windows-x64    • Microsoft Windows [version 10.0.22621.819]
    • Chrome (web)      • chrome  • web-javascript • Google Chrome 107.0.5304.107
    • Edge (web)        • edge    • web-javascript • Microsoft Edge 107.0.1418.35

[✓] HTTP Host Availability
    • All required HTTP hosts are available

• No issues found!
```
